<?xml version="1.0" encoding="UTF-8"?>
<!-- Generated by org.testng.reporters.JUnitXMLReporter -->
<testsuite hostname="DESKTOP-0490QAV" ignored="0" name="Testng1" tests="3" failures="0" timestamp="09 Apr 2019 09:05:06 GMT" time="26.654" errors="0">
  <testcase name="loginwith3user" time="9.387" classname="com.cjc.testng.TestNG1"/>
  <testcase name="Loginwithvalidds" time="5.1" classname="com.cjc.testng.TestNG1"/>
  <testcase name="loginwith2user" time="5.723" classname="com.cjc.testng.TestNG1"/>
</testsuite> <!-- Testng1 -->
